<?xml version="1.0" encoding="UTF-8"?>
<Site BuildName="(empty)"
	BuildStamp="20251129-1043-Experimental"
	Name="(empty)"
	Generator="ctest-4.2.0"
	CompilerName=""
	CompilerVersion=""
	OSName="Linux"
	Hostname="kazan-ibr666"
	OSRelease="6.6.87.2-microsoft-standard-WSL2"
	OSVersion="#1 SMP PREEMPT_DYNAMIC Thu Jun  5 18:30:46 UTC 2025"
	OSPlatform="x86_64"
	Is64Bits="1"
	VendorString="GenuineIntel"
	VendorID="Intel Corporation"
	FamilyID="6"
	ModelID="165"
	ModelName="Intel(R) Core(TM) i5-10400F CPU @ 2.90GHz"
	ProcessorCacheSize="12288"
	NumberOfLogicalCPU="12"
	NumberOfPhysicalCPU="6"
	TotalVirtualMemory="2048"
	TotalPhysicalMemory="7905"
	LogicalProcessorsPerPhysical="2"
	ProcessorClockFrequency="2904"
	>
	<Testing>
		<StartDateTime>Nov 29 15:10 MSK</StartDateTime>
		<StartTestTime>1764418232</StartTestTime>
		<TestList/>
		<EndDateTime>Nov 29 15:10 MSK</EndDateTime>
		<EndTestTime>1764418232</EndTestTime>
		<ElapsedMinutes>0</ElapsedMinutes>
	</Testing>
</Site>
